<?xml version="1.0" encoding="UTF-8"?>
<coverage generated="1556880630517" clover="3.2.0">
  <project timestamp="1556880630517" name="All files">
    <metrics statements="4" coveredstatements="4" conditionals="4" coveredconditionals="4" methods="1" coveredmethods="1" elements="9" coveredelements="9" complexity="0" loc="4" ncloc="4" packages="1" files="1" classes="1"/>
    <file name="utils.ts" path="/home/vlad-komanchy/Рабочий стол/workout-finances/workout-finances-gui/src/modules/Main/utils.ts">
      <metrics statements="4" coveredstatements="4" conditionals="4" coveredconditionals="4" methods="1" coveredmethods="1"/>
      <line num="1" count="1" type="stmt"/>
      <line num="2" count="3" type="cond" truecount="2" falsecount="0"/>
      <line num="4" count="2" type="cond" truecount="2" falsecount="0"/>
      <line num="6" count="1" type="stmt"/>
    </file>
  </project>
</coverage>
