{"/home/vlad-komanchy/Рабочий стол/workout-finances/workout-finances-gui/src/modules/Main/utils.ts": {"path":"/home/vlad-komanchy/Рабочий стол/workout-finances/workout-finances-gui/src/modules/Main/utils.ts","statementMap":{"0":{"start":{"line":1,"column":13},"end":{"line":7,"column":2}},"1":{"start":{"line":2,"column":2},"end":{"line":2,"column":21}},"2":{"start":{"line":2,"column":12},"end":{"line":2,"column":21}},"3":{"start":{"line":4,"column":2},"end":{"line":4,"column":43}},"4":{"start":{"line":4,"column":16},"end":{"line":4,"column":43}},"5":{"start":{"line":6,"column":2},"end":{"line":6,"column":28}}},"fnMap":{"0":{"name":"(anonymous_0)","decl":{"start":{"line":1,"column":28},"end":{"line":1,"column":29}},"loc":{"start":{"line":1,"column":86},"end":{"line":7,"column":1}}}},"branchMap":{"0":{"loc":{"start":{"line":2,"column":2},"end":{"line":2,"column":21}},"type":"if","locations":[{"start":{"line":2,"column":2},"end":{"line":2,"column":21}},{"start":{"line":2,"column":2},"end":{"line":2,"column":21}}]},"1":{"loc":{"start":{"line":4,"column":2},"end":{"line":4,"column":43}},"type":"if","locations":[{"start":{"line":4,"column":2},"end":{"line":4,"column":43}},{"start":{"line":4,"column":2},"end":{"line":4,"column":43}}]}},"s":{"0":1,"1":3,"2":1,"3":2,"4":1,"5":1},"f":{"0":3},"b":{"0":[1,2],"1":[1,1]}}
}
